<?xml version="1.0" encoding="UTF-8"?>
<testsuite xmlns:xsi="http://www.w3.org/2001/XMLSchema-instance" xsi:noNamespaceSchemaLocation="https://maven.apache.org/surefire/maven-surefire-plugin/xsd/surefire-test-report.xsd" name="mmux.MMuxClientTest" time="10.961" tests="7" errors="0" skipped="0" failures="0">
  <properties>
[...]
</properties>
  <testcase name="testAutoScale" classname="mmux.MMuxClientTest" time="1.2"/>
  <testcase name="testFlushRemove" classname="mmux.MMuxClientTest" time="1.237"/>
  <testcase name="testOpen" classname="mmux.MMuxClientTest" time="1.244"/>
  <testcase name="testNotifications" classname="mmux.MMuxClientTest" time="1.245"/>
  <testcase name="testCreate" classname="mmux.MMuxClientTest" time="1.242"/>
  <testcase name="testChainReplication" classname="mmux.MMuxClientTest" time="1.482"/>
  <testcase name="testLeaseWorker" classname="mmux.MMuxClientTest" time="3.244"/>
</testsuite>